 7 7 7 7 1 1 1
 7 7 7 7 1 1 1
 7 7 7 7 1 1 1
 7 7 7 7 1 1 1
 7 7 7 7 1 1 1
 7 7 7 7 1 1 1
 7 7 7 5 1 1 1
 7 7 7 5 1 1 0
 7 7 7 5 1 1 0
 7 7 7 4 1 1 0
 7 7 7 4 1 1 0
 7 7 7 4 1 1 0
 7 7 7 4 1 1 0
 7 7 7 4 1 1 0
 7 7 7 4 1 1 0
 7 7 7 4 1 1 0
 7 7 7 2 1 1 0
 7 7 7 2 1 1 0
 7 7 7 2 1 1 0
 7 7 7 2 1 1 0
 7 7 7 2 1 1 0
 7 7 7 2 1 1 0
 7 7 7 5 1 1 0
 7 7 7 5 1 1 0
 7 7 7 5 1 1 0
 7 7 7 5 1 1 0
 7 7 7 5 1 1 0
 7 7 7 4 1 1 0
 7 7 7 3 1 1 0
 7 7 7 3 1 1 0
 8 8 7 3 1 1 0
 8 8 7 3 1 0 0
 8 8 7 3 1 0 0
 8 8 7 3 1 0 0
 8 8 7 3 1 0 0
 8 8 7 3 1 0 0
 8 8 7 3 1 0 0
 8 8 7 3 1 0 0
 8 8 7 5 1 0 0
 8 8 7 5 1 0 0
 8 8 7 5 1 0 0
 8 8 7 5 1 0 0
 8 8 7 5 1 0 0
 11 11 7 5 1 0 0
 11 11 5 5 1 0 0
 11 11 5 5 1 0 0
 11 11 5 5 1 0 0
 11 11 8 5 1 0 0
 11 11 8 5 1 0 0
 11 11 8 5 1 0 0
 11 11 8 5 1 0 0
 11 11 8 5 1 0 0
 11 11 11 5 1 0 0
 11 11 11 5 1 1 0
 11 11 11 5 1 1 0
 11 11 11 5 1 1 0
 11 11 11 5 1 1 0
 11 11 11 7 1 1 0
 14 14 11 7 1 1 0
 17 17 11 7 1 0 0
 17 17 11 7 1 0 0
 17 17 11 7 1 0 0
 17 17 11 7 1 0 0
 17 17 11 7 1 0 0
 17 17 11 7 1 0 0
 17 17 11 7 1 0 0
 17 17 11 7 1 0 0
 17 17 11 7 1 0 0
 17 17 11 10 1 0 0
 17 17 11 10 1 0 0
 17 17 11 10 1 0 0
 17 17 10 10 1 0 0
 17 17 10 10 1 0 0
 17 17 10 10 1 0 0
 17 17 10 10 1 0 0
 17 17 10 10 1 0 0
 17 17 10 10 1 0 0
 17 17 10 10 1 0 0
 17 17 10 10 1 0 0
 17 17 10 10 1 0 0
 17 17 10 10 1 0 0
 17 17 10 10 1 0 0
 17 17 10 10 1 0 0
 17 17 10 8 1 0 0
 17 17 10 8 1 0 0
 17 17 10 8 1 0 0
 17 17 10 8 1 0 0
 17 17 10 8 1 0 0
 17 17 10 8 1 0 0
 20 20 10 8 1 0 0
 20 20 10 8 1 0 0
 20 20 10 8 1 0 0
 20 20 10 8 1 0 0
 20 20 10 8 1 0 0
 20 20 9 8 1 0 0
 20 20 9 8 1 0 0
 20 20 9 8 1 0 0
 20 20 9 8 1 0 0
 20 20 9 8 1 0 0
 20 20 9 8 1 0 0
4