A B0
A C0
A D0
A E0
A F0
A G0
A H0
A I0
A J0
A K0
A L0
A M0
A N0
A O0
A P0
A Q0
A R0
A S0
A T0
A U0
A V0
A W0
A X0
A Y0
A Z0
B C0
B D0
B E0
B F0
B G0
B H0
B I0
B J0
B K0
B L0
B M0
B N0
B O0
B P0
B Q0
B R0
B S0
B T0
B U0
B V0
B W0
B X0
B Y0
B Z0
C D0
C E0
C F0
C G0
C H0
C I0
C J0
C K0
C L0
C M0
C N0
C O0
C P0
C Q0
C R0
C S0
C T0
C U0
C V0
C W0
C X1
C Y0
C Z0
D E0
D F0
D G0
D H0
D I0
D J0
D K0
D L0
D M0
D N0
D O0
D P0
D Q0
D R0
D S0
D T0
D U0
D V0
D W0
D X0
D Y0
D Z0
E F0
E G0
E H0
E I0
E J0
E K0
E L0
E M0
E N0
E O0
E P0
E Q0
E R0
E S0
E T0
E U0
E V0
E W0
E X0
E Y0
E Z0
F G0
F H0
F I0
F J0
F K0
F L0
F M0
F N0
F O0
F P0
F Q0
F R0
F S0
F T0
F U0
F V0
F W0
F X0
F Y0
F Z0
G H0
G I0
G J0
G K0
G L0
G M0
G N0
G O0
G P0
G Q0
G R0
G S0
G T0
G U0
G V0
G W0
G X0
G Y0
G Z0
H I0
H J0
H K0
H L0
H M0
H N0
H O0
H P0
H Q0
H R0
H S0
H T0
H U0
H V0
H W0
H X0
H Y0
H Z0
I J0
I K0
I L0
I M0
I N0
I O0
I P0
I Q0
I R0
I S0
I T0
I U0
I V0
I W0
I X0
I Y0
I Z0
J K0
J L0
J M0
J N0
J O0
J P0
J Q0
J R0
J S0
J T0
J U0
J V0
J W0
J X0
J Y0
J Z0
K L0
K M0
K N0
K O0
K P0
K Q0
K R0
K S0
K T0
K U0
K V0
K W0
K X0
K Y0
K Z0
L M0
L N0
L O0
L P0
L Q0
L R0
L S0
L T0
L U0
L V0
L W0
L X0
L Y0
L Z0
M N0
M O0
M P0
M Q0
M R0
M S0
M T0
M U0
M V0
M W0
M X0
M Y0
M Z0
N O0
N P0
N Q0
N R0
N S0
N T0
N U0
N V0
N W0
N X0
N Y0
N Z0
O P0
O Q0
O R0
O S0
O T0
O U0
O V0
O W0
O X0
O Y0
O Z0
P Q0
P R0
P S0
P T0
P U0
P V0
P W0
P X0
P Y0
P Z0
Q R0
Q S0
Q T0
Q U0
Q V0
Q W0
Q X0
Q Y0
Q Z0
R S0
R T0
R U0
R V0
R W0
R X0
R Y0
R Z0
S T0
S U0
S V0
S W0
S X0
S Y0
S Z0
T U0
T V0
T W0
T X0
T Y0
T Z0
U V0
U W0
U X0
U Y0
U Z0
V W0
V X0
V Y0
V Z0
W X0
W Y0
W Z0
X Y0
X Z0
Y Z0
0
1